<?xml version="1.0" encoding="utf-8"?><testsuites name="pytest tests"><testsuite name="pytest" errors="0" failures="0" skipped="1" tests="10" time="11.535" timestamp="2026-04-08T22:42:57.884289+00:00" hostname="agent-env-bddb58b5-fe9b-4b0f-ab96-68860607914d"><testcase classname="tests.test_chatbot.TestChatbotEndpoints" name="test_chatbot_requires_auth" time="0.262" /><testcase classname="tests.test_chatbot.TestChatbotEndpoints" name="test_chatbot_conversation_query_admin" time="2.733" /><testcase classname="tests.test_chatbot.TestChatbotEndpoints" name="test_chatbot_player_search_query" time="1.444" /><testcase classname="tests.test_chatbot.TestChatbotEndpoints" name="test_chatbot_multi_nationality_search" time="1.303" /><testcase classname="tests.test_chatbot.TestChatbotEndpoints" name="test_chatbot_with_session_id" time="1.416" /><testcase classname="tests.test_chatbot.TestChatbotEndpoints" name="test_chatbot_clear_session" time="1.293" /><testcase classname="tests.test_chatbot.TestChatbotEndpoints" name="test_chatbot_clear_session_requires_auth" time="0.130" /><testcase classname="tests.test_chatbot.TestChatbotEndpoints" name="test_chatbot_as_club_user" time="0.335"><skipped type="pytest.skip" message="Club user not available">/app/backend/tests/test_chatbot.py:158: Club user not available</skipped></testcase><testcase classname="tests.test_chatbot.TestChatbotEndpoints" name="test_chatbot_as_player_user" time="1.412" /><testcase classname="tests.test_chatbot.TestChatbotEndpoints" name="test_chatbot_response_structure" time="1.137" /></testsuite></testsuites>