<?xml version="1.0" encoding="utf-8"?><testsuites name="pytest tests"><testsuite name="pytest" errors="0" failures="0" skipped="0" tests="27" time="6.020" timestamp="2026-03-13T12:47:00.978179+00:00" hostname="agent-env-bddb58b5-fe9b-4b0f-ab96-68860607914d"><testcase classname="backend.tests.test_chat_requests_privacy.TestAuthSetup" name="test_admin_login" time="0.168" /><testcase classname="backend.tests.test_chat_requests_privacy.TestUserCreation" name="test_create_test_player" time="0.328" /><testcase classname="backend.tests.test_chat_requests_privacy.TestUserCreation" name="test_create_test_club" time="0.281" /><testcase classname="backend.tests.test_chat_requests_privacy.TestUserCreation" name="test_admin_approve_player" time="0.099" /><testcase classname="backend.tests.test_chat_requests_privacy.TestUserCreation" name="test_admin_approve_club" time="0.055" /><testcase classname="backend.tests.test_chat_requests_privacy.TestPrivacyControls" name="test_setup_users" time="0.816" /><testcase classname="backend.tests.test_chat_requests_privacy.TestPrivacyControls" name="test_club_cannot_see_player_email" time="0.060" /><testcase classname="backend.tests.test_chat_requests_privacy.TestPrivacyControls" name="test_admin_can_see_player_email" time="0.059" /><testcase classname="backend.tests.test_chat_requests_privacy.TestPrivacyControls" name="test_club_players_list_no_email" time="0.065" /><testcase classname="backend.tests.test_chat_requests_privacy.TestChatRequestFlow" name="test_setup_users_for_chat" time="0.721" /><testcase classname="backend.tests.test_chat_requests_privacy.TestChatRequestFlow" name="test_club_creates_chat_request" time="0.068" /><testcase classname="backend.tests.test_chat_requests_privacy.TestChatRequestFlow" name="test_club_cannot_create_duplicate_request" time="0.056" /><testcase classname="backend.tests.test_chat_requests_privacy.TestChatRequestFlow" name="test_player_can_view_incoming_requests" time="0.050" /><testcase classname="backend.tests.test_chat_requests_privacy.TestChatRequestFlow" name="test_club_can_view_outgoing_requests" time="0.055" /><testcase classname="backend.tests.test_chat_requests_privacy.TestChatRequestFlow" name="test_admin_can_view_all_chat_requests" time="0.063" /><testcase classname="backend.tests.test_chat_requests_privacy.TestChatRequestFlow" name="test_player_accepts_chat_request" time="0.057" /><testcase classname="backend.tests.test_chat_requests_privacy.TestChatRequestFlow" name="test_request_status_updated_to_accepted" time="0.060" /><testcase classname="backend.tests.test_chat_requests_privacy.TestChatRequestRejection" name="test_setup_for_rejection" time="0.750" /><testcase classname="backend.tests.test_chat_requests_privacy.TestChatRequestRejection" name="test_create_request_for_rejection" time="0.062" /><testcase classname="backend.tests.test_chat_requests_privacy.TestChatRequestRejection" name="test_player_rejects_request" time="0.049" /><testcase classname="backend.tests.test_chat_requests_privacy.TestChatRequestRejection" name="test_request_status_is_rejected" time="0.055" /><testcase classname="backend.tests.test_chat_requests_privacy.TestNotifications" name="test_setup_for_notifications" time="0.782" /><testcase classname="backend.tests.test_chat_requests_privacy.TestNotifications" name="test_player_gets_notification_on_chat_request" time="0.153" /><testcase classname="backend.tests.test_chat_requests_privacy.TestAccessControl" name="test_setup_access_control" time="0.688" /><testcase classname="backend.tests.test_chat_requests_privacy.TestAccessControl" name="test_player_cannot_create_chat_request" time="0.057" /><testcase classname="backend.tests.test_chat_requests_privacy.TestAccessControl" name="test_club_cannot_respond_to_request" time="0.152" /><testcase classname="backend.tests.test_chat_requests_privacy.TestAccessControl" name="test_non_admin_cannot_view_all_requests" time="0.125" /></testsuite></testsuites>