<?xml version="1.0" encoding="utf-8"?><testsuites name="pytest tests"><testsuite name="pytest" errors="0" failures="0" skipped="0" tests="11" time="4.023" timestamp="2026-06-02T12:25:30.726444+00:00" hostname="agent-env-bddb58b5-fe9b-4b0f-ab96-68860607914d"><testcase classname="backend.tests.test_evaluation_pdf.TestPDFExport" name="test_analyst_login" time="0.367" /><testcase classname="backend.tests.test_evaluation_pdf.TestPDFExport" name="test_get_analyst_evaluations" time="0.393" /><testcase classname="backend.tests.test_evaluation_pdf.TestPDFExport" name="test_pdf_export_requires_auth" time="0.441" /><testcase classname="backend.tests.test_evaluation_pdf.TestPDFExport" name="test_pdf_export_returns_valid_pdf" time="0.444" /><testcase classname="backend.tests.test_evaluation_pdf.TestPDFExport" name="test_pdf_export_nonexistent_evaluation" time="0.375" /><testcase classname="backend.tests.test_evaluation_pdf.TestPlayerDashboard" name="test_get_players_for_evaluation" time="0.416" /><testcase classname="backend.tests.test_evaluation_pdf.TestPlayerDashboard" name="test_player_dashboard_endpoint" time="0.431" /><testcase classname="backend.tests.test_evaluation_pdf.TestPlayerDashboard" name="test_player_dashboard_nonexistent" time="0.385" /><testcase classname="backend.tests.test_evaluation_pdf.TestEvaluationMetadata" name="test_get_archetypes" time="0.140" /><testcase classname="backend.tests.test_evaluation_pdf.TestEvaluationMetadata" name="test_get_metrics" time="0.116" /><testcase classname="backend.tests.test_evaluation_pdf.TestEvaluationView" name="test_evaluation_view_english_labels" time="0.453" /></testsuite></testsuites>