<?xml version="1.0" encoding="utf-8"?><testsuites name="pytest tests"><testsuite name="pytest" errors="0" failures="0" skipped="0" tests="39" time="5.982" timestamp="2026-03-14T21:35:53.868791+00:00" hostname="agent-env-bddb58b5-fe9b-4b0f-ab96-68860607914d"><testcase classname="backend.tests.test_federation_features.TestFederationRegistration" name="test_federation_registration_success" time="0.364" /><testcase classname="backend.tests.test_federation_features.TestFederationRegistration" name="test_federation_duplicate_registration_fails" time="0.108" /><testcase classname="backend.tests.test_federation_features.TestFederationLogin" name="test_federation_login_success" time="0.337" /><testcase classname="backend.tests.test_federation_features.TestFederationLogin" name="test_federation_login_wrong_password" time="0.322" /><testcase classname="backend.tests.test_federation_features.TestFederationProfile" name="test_get_federation_profile" time="0.118" /><testcase classname="backend.tests.test_federation_features.TestFederationProfile" name="test_update_federation_profile_country" time="0.137" /><testcase classname="backend.tests.test_federation_features.TestFederationProfile" name="test_update_federation_profile_description" time="0.127" /><testcase classname="backend.tests.test_federation_features.TestFederationProfile" name="test_federation_profile_persistence" time="0.102" /><testcase classname="backend.tests.test_federation_features.TestSetupTestPlayer" name="test_create_test_player" time="0.437" /><testcase classname="backend.tests.test_federation_features.TestSetupTestPlayer" name="test_approve_test_player" time="0.210" /><testcase classname="backend.tests.test_federation_features.TestFederationPlayersSearch" name="test_search_players_no_filters" time="0.116" /><testcase classname="backend.tests.test_federation_features.TestFederationPlayersSearch" name="test_search_players_by_nationality" time="0.122" /><testcase classname="backend.tests.test_federation_features.TestFederationPlayersSearch" name="test_search_players_by_position" time="0.112" /><testcase classname="backend.tests.test_federation_features.TestFederationPlayersSearch" name="test_search_players_by_age_range" time="0.110" /><testcase classname="backend.tests.test_federation_features.TestFederationPlayersSearch" name="test_search_players_privacy" time="0.106" /><testcase classname="backend.tests.test_federation_features.TestFederationRecommendedPlayers" name="test_get_recommended_players" time="0.111" /><testcase classname="backend.tests.test_federation_features.TestFederationScoutingList" name="test_add_to_scouting_list" time="0.119" /><testcase classname="backend.tests.test_federation_features.TestFederationScoutingList" name="test_add_duplicate_to_scouting_list" time="0.119" /><testcase classname="backend.tests.test_federation_features.TestFederationScoutingList" name="test_get_scouting_list" time="0.109" /><testcase classname="backend.tests.test_federation_features.TestFederationScoutingList" name="test_remove_from_scouting_list" time="0.112" /><testcase classname="backend.tests.test_federation_features.TestFederationScoutingList" name="test_scouting_list_empty_after_removal" time="0.111" /><testcase classname="backend.tests.test_federation_features.TestFederationTeams" name="test_get_teams_initially_empty" time="0.124" /><testcase classname="backend.tests.test_federation_features.TestFederationTeams" name="test_create_team" time="0.112" /><testcase classname="backend.tests.test_federation_features.TestFederationTeams" name="test_create_u23_team" time="0.105" /><testcase classname="backend.tests.test_federation_features.TestFederationTeams" name="test_get_teams_after_creation" time="0.107" /><testcase classname="backend.tests.test_federation_features.TestFederationTeams" name="test_add_player_to_team" time="0.121" /><testcase classname="backend.tests.test_federation_features.TestFederationTeams" name="test_add_duplicate_player_to_team" time="0.101" /><testcase classname="backend.tests.test_federation_features.TestFederationTeams" name="test_get_team_players" time="0.107" /><testcase classname="backend.tests.test_federation_features.TestFederationTeams" name="test_remove_player_from_team" time="0.161" /><testcase classname="backend.tests.test_federation_features.TestFederationTeams" name="test_delete_team" time="0.103" /><testcase classname="backend.tests.test_federation_features.TestAdminFederationManagement" name="test_admin_get_all_federations" time="0.142" /><testcase classname="backend.tests.test_federation_features.TestAdminFederationManagement" name="test_admin_approve_federation" time="0.117" /><testcase classname="backend.tests.test_federation_features.TestAdminFederationManagement" name="test_federation_approved_status" time="0.109" /><testcase classname="backend.tests.test_federation_features.TestAdminFederationManagement" name="test_admin_revoke_federation_approval" time="0.131" /><testcase classname="backend.tests.test_federation_features.TestAdminStatsIncludeFederations" name="test_admin_stats_has_federation_count" time="0.148" /><testcase classname="backend.tests.test_federation_features.TestFederationAccessControl" name="test_non_federation_cannot_access_federation_profile" time="0.115" /><testcase classname="backend.tests.test_federation_features.TestFederationAccessControl" name="test_non_federation_cannot_search_federation_players" time="0.130" /><testcase classname="backend.tests.test_federation_features.TestFederationAccessControl" name="test_non_admin_cannot_view_admin_federations" time="0.112" /><testcase classname="backend.tests.test_federation_features.TestCleanup" name="test_cleanup_test_data" time="0.322" /></testsuite></testsuites>