<?xml version="1.0" encoding="utf-8"?><testsuites name="pytest tests"><testsuite name="pytest" errors="0" failures="0" skipped="0" tests="14" time="3.806" timestamp="2026-03-13T14:16:52.143700+00:00" hostname="agent-env-bddb58b5-fe9b-4b0f-ab96-68860607914d"><testcase classname="tests.test_matching_features.TestAvailableLeagues" name="test_available_leagues_returns_list" time="0.189" /><testcase classname="tests.test_matching_features.TestAvailableLeagues" name="test_available_leagues_contains_expected_leagues" time="0.108" /><testcase classname="tests.test_matching_features.TestAdminBenchmarkStatus" name="test_benchmark_status_requires_auth" time="0.122" /><testcase classname="tests.test_matching_features.TestAdminBenchmarkStatus" name="test_benchmark_status_requires_admin" time="0.264" /><testcase classname="tests.test_matching_features.TestAdminBenchmarkStatus" name="test_benchmark_status_returns_expected_fields" time="0.154" /><testcase classname="tests.test_matching_features.TestPlayerTransfermarktUrl" name="test_player_profile_has_transfermarkt_url_field" time="0.484" /><testcase classname="tests.test_matching_features.TestPlayerTransfermarktUrl" name="test_update_player_profile_with_transfermarkt_url" time="0.112" /><testcase classname="tests.test_matching_features.TestPlayerTransfermarktUrl" name="test_transfermarkt_url_persists_after_update" time="0.336" /><testcase classname="tests.test_matching_features.TestPlayerMatchScoresEndpoint" name="test_match_scores_requires_player_auth" time="0.124" /><testcase classname="tests.test_matching_features.TestPlayerMatchScoresEndpoint" name="test_match_scores_returns_error_without_transfermarkt_url" time="0.564" /><testcase classname="tests.test_matching_features.TestClubOpportunityLeagueLevel" name="test_create_opportunity_with_league_level" time="0.450" /><testcase classname="tests.test_matching_features.TestClubOpportunityLeagueLevel" name="test_opportunity_league_level_persists" time="0.255" /><testcase classname="tests.test_matching_features.TestAdminNonAdminAccess" name="test_player_cannot_access_benchmark_status" time="0.469" /><testcase classname="tests.test_matching_features.TestAdminNonAdminAccess" name="test_player_cannot_generate_benchmark" time="0.111" /></testsuite></testsuites>