<?xml version="1.0" encoding="utf-8"?><testsuites name="pytest tests"><testsuite name="pytest" errors="0" failures="0" skipped="0" tests="24" time="9.470" timestamp="2026-03-14T23:52:22.260199+00:00" hostname="agent-env-bddb58b5-fe9b-4b0f-ab96-68860607914d"><testcase classname="backend.tests.test_masterclass.TestMasterclassPublicEndpoints" name="test_get_categories" time="0.151" /><testcase classname="backend.tests.test_masterclass.TestMasterclassPublicEndpoints" name="test_get_masterclasses_list" time="0.123" /><testcase classname="backend.tests.test_masterclass.TestMasterclassPublicEndpoints" name="test_filter_by_category" time="0.135" /><testcase classname="backend.tests.test_masterclass.TestMasterclassPublicEndpoints" name="test_filter_by_difficulty" time="0.137" /><testcase classname="backend.tests.test_masterclass.TestMasterclassPublicEndpoints" name="test_filter_by_featured" time="0.128" /><testcase classname="backend.tests.test_masterclass.TestMasterclassPublicEndpoints" name="test_search_masterclasses" time="0.135" /><testcase classname="backend.tests.test_masterclass.TestMasterclassPublicEndpoints" name="test_get_single_masterclass" time="0.265" /><testcase classname="backend.tests.test_masterclass.TestMasterclassPublicEndpoints" name="test_get_masterclass_comments" time="0.268" /><testcase classname="backend.tests.test_masterclass.TestMasterclassPlayerBookmarks" name="test_get_user_bookmarks_requires_auth" time="0.118" /><testcase classname="backend.tests.test_masterclass.TestMasterclassPlayerBookmarks" name="test_get_user_bookmarks" time="0.480" /><testcase classname="backend.tests.test_masterclass.TestMasterclassPlayerBookmarks" name="test_bookmark_and_unbookmark_masterclass" time="1.145" /><testcase classname="backend.tests.test_masterclass.TestMasterclassPlayerBookmarks" name="test_bookmark_nonexistent_masterclass" time="0.492" /><testcase classname="backend.tests.test_masterclass.TestMasterclassComments" name="test_add_comment_requires_auth" time="0.259" /><testcase classname="backend.tests.test_masterclass.TestMasterclassComments" name="test_add_and_delete_comment" time="1.024" /><testcase classname="backend.tests.test_masterclass.TestMasterclassComments" name="test_add_empty_comment_fails" time="0.620" /><testcase classname="backend.tests.test_masterclass.TestAdminMasterclassCRUD" name="test_admin_get_all_masterclasses" time="0.261" /><testcase classname="backend.tests.test_masterclass.TestAdminMasterclassCRUD" name="test_admin_get_masterclasses_requires_admin" time="0.127" /><testcase classname="backend.tests.test_masterclass.TestAdminMasterclassCRUD" name="test_create_masterclass" time="0.402" /><testcase classname="backend.tests.test_masterclass.TestAdminMasterclassCRUD" name="test_create_masterclass_invalid_category" time="0.267" /><testcase classname="backend.tests.test_masterclass.TestAdminMasterclassCRUD" name="test_update_masterclass" time="0.652" /><testcase classname="backend.tests.test_masterclass.TestAdminMasterclassCRUD" name="test_delete_masterclass" time="0.535" /><testcase classname="backend.tests.test_masterclass.TestAdminMasterclassCRUD" name="test_toggle_featured_status" time="0.542" /><testcase classname="backend.tests.test_masterclass.TestMasterclassAccessControl" name="test_player_cannot_create_masterclass" time="0.472" /><testcase classname="backend.tests.test_masterclass.TestMasterclassAccessControl" name="test_player_cannot_delete_masterclass" time="0.616" /></testsuite></testsuites>