<?xml version="1.0" encoding="utf-8"?><testsuites name="pytest tests"><testsuite name="pytest" errors="0" failures="0" skipped="0" tests="16" time="18.297" timestamp="2026-06-02T11:46:11.970565+00:00" hostname="agent-env-bddb58b5-fe9b-4b0f-ab96-68860607914d"><testcase classname="backend.tests.test_evaluation_system.TestAnalystAuthentication" name="test_analyst_registration" time="0.473" /><testcase classname="backend.tests.test_evaluation_system.TestAnalystAuthentication" name="test_analyst_login" time="0.351" /><testcase classname="backend.tests.test_evaluation_system.TestAnalystProfile" name="test_get_analyst_profile" time="0.442" /><testcase classname="backend.tests.test_evaluation_system.TestAnalystProfile" name="test_update_analyst_profile" time="0.538" /><testcase classname="backend.tests.test_evaluation_system.TestAnalystProfile" name="test_get_analyst_stats" time="0.445" /><testcase classname="backend.tests.test_evaluation_system.TestEvaluationMetadata" name="test_get_archetypes" time="0.485" /><testcase classname="backend.tests.test_evaluation_system.TestEvaluationMetadata" name="test_get_metrics" time="0.464" /><testcase classname="backend.tests.test_evaluation_system.TestEvaluationMetadata" name="test_get_players_for_evaluation" time="0.460" /><testcase classname="backend.tests.test_evaluation_system.TestEvaluationCRUD" name="test_create_evaluation" time="0.579" /><testcase classname="backend.tests.test_evaluation_system.TestEvaluationCRUD" name="test_get_evaluation" time="0.780" /><testcase classname="backend.tests.test_evaluation_system.TestEvaluationCRUD" name="test_get_analyst_evaluations" time="0.468" /><testcase classname="backend.tests.test_evaluation_system.TestPlayerDashboard" name="test_get_player_dashboard" time="0.593" /><testcase classname="backend.tests.test_evaluation_system.TestAdminAnalystManagement" name="test_get_all_analysts" time="0.203" /><testcase classname="backend.tests.test_evaluation_system.TestAdminAnalystManagement" name="test_approve_analyst" time="0.319" /><testcase classname="backend.tests.test_evaluation_system.TestAdminAnalystManagement" name="test_verify_analyst" time="0.329" /><testcase classname="backend.tests.test_evaluation_system.TestEvaluationWithAI" name="test_create_evaluation_with_ai_report" time="11.270" /></testsuite></testsuites>